<?xml version="1.0" encoding="UTF-8"?>
<robot generator="Robot 7.1.1 (Python 3.12.7 on win32)" generated="2024-11-23T17:14:16.146252" rpa="false" schemaversion="5">
<suite id="s1" name="Test Demo" source="D:\Python projects\Auto registery robot\Auto_registery_Robo\test_demo.robot">
<test id="s1-t1" name="Validate Successful login" line="6">
<kw name="Open Browser">
<kw name="Create Webdriver Chrome">
<msg time="2024-11-23T17:14:16.329561" level="FAIL">No keyword with name 'Create Webdriver Chrome' found. Did you try using keyword 'SeleniumLibrary.Create Webdriver' and forgot to use enough whitespace between keyword and arguments?</msg>
<status status="FAIL" start="2024-11-23T17:14:16.329561" elapsed="0.000000">No keyword with name 'Create Webdriver Chrome' found. Did you try using keyword 'SeleniumLibrary.Create Webdriver' and forgot to use enough whitespace between keyword and arguments?</status>
</kw>
<kw name="Go To" owner="SeleniumLibrary">
<arg>https://proliga.uz/</arg>
<doc>Navigates the current browser window to the provided ``url``.</doc>
<status status="NOT RUN" start="2024-11-23T17:14:16.329561" elapsed="0.000000"/>
</kw>
<status status="FAIL" start="2024-11-23T17:14:16.327537" elapsed="0.002024">No keyword with name 'Create Webdriver Chrome' found. Did you try using keyword 'SeleniumLibrary.Create Webdriver' and forgot to use enough whitespace between keyword and arguments?</status>
</kw>
<kw name="Create Account">
<status status="NOT RUN" start="2024-11-23T17:14:16.329561" elapsed="0.000000"/>
</kw>
<status status="FAIL" start="2024-11-23T17:14:16.326566" elapsed="0.002995">No keyword with name 'Create Webdriver Chrome' found. Did you try using keyword 'SeleniumLibrary.Create Webdriver' and forgot to use enough whitespace between keyword and arguments?</status>
</test>
<doc>A test suit for vaild login</doc>
<status status="FAIL" start="2024-11-23T17:14:16.147249" elapsed="0.183280"/>
</suite>
<statistics>
<total>
<stat pass="0" fail="1" skip="0">All Tests</stat>
</total>
<tag>
</tag>
<suite>
<stat pass="0" fail="1" skip="0" id="s1" name="Test Demo">Test Demo</stat>
</suite>
</statistics>
<errors>
</errors>
</robot>
